<?xml version="1.0" encoding="UTF-8"?>
<!-- Generated by org.testng.reporters.JUnitReportReporter -->
<testsuite hostname="Rangaandfamily" failures="0" tests="1" name="NewTest" time="0.689" errors="0" timestamp="14 Dec 2020 02:41:53 GMT" skipped="0">
  <testcase classname="NewTest" name="f" time="0.689"/>
</testsuite> <!-- NewTest -->
