<?xml version="1.0" encoding="UTF-8"?>
<!-- Generated by org.testng.reporters.JUnitReportReporter -->
<testsuite hostname="Rangaandfamily" failures="0" tests="1" name="com.testRunners.SpicejetTestRunners" time="88.867" errors="0" timestamp="18 Dec 2020 23:39:04 GMT" skipped="0">
  <testcase classname="com.testRunners.SpicejetTestRunners" name="runScenario" time="88.867"/>
</testsuite> <!-- com.testRunners.SpicejetTestRunners -->
