<?xml version="1.0" encoding="UTF-8"?>
<!-- Generated by org.testng.reporters.JUnitReportReporter -->
<testsuite hostname="Rangaandfamily" failures="0" tests="1" name="com.testRunners.SpicejetTestRunners" time="135.471" errors="0" timestamp="19 Dec 2020 02:02:09 GMT" skipped="0">
  <testcase classname="com.testRunners.SpicejetTestRunners" name="runScenario" time="135.471"/>
</testsuite> <!-- com.testRunners.SpicejetTestRunners -->
